0 info it worked if it ends with ok
1 verbose cli [ '/Users/ian/.nvm/versions/node/v6.11.0/bin/node',
1 verbose cli   '/Users/ian/.nvm/versions/node/v6.11.0/bin/npm',
1 verbose cli   'publish' ]
2 info using npm@3.10.10
3 info using node@v6.11.0
4 verbose publish [ '.' ]
5 silly cache add args [ '.', null ]
6 verbose cache add spec .
7 silly cache add parsed spec Result {
7 silly cache add   raw: '.',
7 silly cache add   scope: null,
7 silly cache add   escapedName: null,
7 silly cache add   name: null,
7 silly cache add   rawSpec: '.',
7 silly cache add   spec: '/Users/ian/Development/chat-engine-online-user-search',
7 silly cache add   type: 'directory' }
8 verbose addLocalDirectory /Users/ian/.npm/chat-engine-online-user-search/0.0.6/package.tgz not in flight; packing
9 verbose correctMkdir /Users/ian/.npm correctMkdir not in flight; initializing
10 info lifecycle chat-engine-online-user-search@0.0.6~prepublish: chat-engine-online-user-search@0.0.6
11 silly lifecycle chat-engine-online-user-search@0.0.6~prepublish: no script for prepublish, continuing
12 verbose tar pack [ '/Users/ian/.npm/chat-engine-online-user-search/0.0.6/package.tgz',
12 verbose tar pack   '/Users/ian/Development/chat-engine-online-user-search' ]
13 verbose tarball /Users/ian/.npm/chat-engine-online-user-search/0.0.6/package.tgz
14 verbose folder /Users/ian/Development/chat-engine-online-user-search
15 verbose addLocalTarball adding from inside cache /Users/ian/.npm/chat-engine-online-user-search/0.0.6/package.tgz
16 verbose correctMkdir /Users/ian/.npm correctMkdir not in flight; initializing
17 silly cache afterAdd chat-engine-online-user-search@0.0.6
18 verbose afterAdd /Users/ian/.npm/chat-engine-online-user-search/0.0.6/package/package.json not in flight; writing
19 verbose correctMkdir /Users/ian/.npm correctMkdir not in flight; initializing
20 verbose afterAdd /Users/ian/.npm/chat-engine-online-user-search/0.0.6/package/package.json written
21 silly publish { author: { name: 'Ian Jennings' },
21 silly publish   name: 'chat-engine-online-user-search',
21 silly publish   version: '0.0.6',
21 silly publish   main: 'src/plugin.js',
21 silly publish   dependencies: { dotty: '0.0.2', 'chat-engine': '0.5.x' },
21 silly publish   readme: '# Online User Search\n\nSearch through list of online users using string matching.\n',
21 silly publish   readmeFilename: 'README.md',
21 silly publish   gitHead: 'd51cabd7ec646383392dd37b7e433a7540a9a285',
21 silly publish   description: 'Search through list of online users using string matching.',
21 silly publish   _id: 'chat-engine-online-user-search@0.0.6',
21 silly publish   scripts: {},
21 silly publish   _shasum: '55bfd7c121daea50564151d6f8da60aa6d9c3121',
21 silly publish   _from: '.' }
22 verbose getPublishConfig undefined
23 silly mapToRegistry name chat-engine-online-user-search
24 silly mapToRegistry using default registry
25 silly mapToRegistry registry https://registry.npmjs.org/
26 silly mapToRegistry data Result {
26 silly mapToRegistry   raw: 'chat-engine-online-user-search',
26 silly mapToRegistry   scope: null,
26 silly mapToRegistry   escapedName: 'chat-engine-online-user-search',
26 silly mapToRegistry   name: 'chat-engine-online-user-search',
26 silly mapToRegistry   rawSpec: '',
26 silly mapToRegistry   spec: 'latest',
26 silly mapToRegistry   type: 'tag' }
27 silly mapToRegistry uri https://registry.npmjs.org/chat-engine-online-user-search
28 verbose publish registryBase https://registry.npmjs.org/
29 silly publish uploading /Users/ian/.npm/chat-engine-online-user-search/0.0.6/package.tgz
30 verbose request uri https://registry.npmjs.org/chat-engine-online-user-search
31 verbose request sending authorization for write operation
32 info attempt registry request try #1 at 2:23:39 PM
33 verbose request using bearer token for auth
34 verbose request id 095f0ef152f78496
35 http request PUT https://registry.npmjs.org/chat-engine-online-user-search
36 http 403 https://registry.npmjs.org/chat-engine-online-user-search
37 verbose headers { 'content-type': 'application/json',
37 verbose headers   'cache-control': 'max-age=300',
37 verbose headers   'content-length': '91',
37 verbose headers   'accept-ranges': 'bytes',
37 verbose headers   date: 'Wed, 27 Sep 2017 19:23:40 GMT',
37 verbose headers   via: '1.1 varnish',
37 verbose headers   connection: 'keep-alive',
37 verbose headers   'x-served-by': 'cache-dfw18646-DFW',
37 verbose headers   'x-cache': 'MISS',
37 verbose headers   'x-cache-hits': '0',
37 verbose headers   'x-timer': 'S1506540219.375198,VS0,VE662',
37 verbose headers   vary: 'Accept-Encoding, Accept' }
38 verbose request invalidating /Users/ian/.npm/registry.npmjs.org/chat-engine-online-user-search on PUT
39 error publish Failed PUT 403
40 verbose stack Error: You cannot publish over the previously published version 0.0.6. : chat-engine-online-user-search
40 verbose stack     at makeError (/Users/ian/.nvm/versions/node/v6.11.0/lib/node_modules/npm/node_modules/npm-registry-client/lib/request.js:302:12)
40 verbose stack     at CachingRegistryClient.<anonymous> (/Users/ian/.nvm/versions/node/v6.11.0/lib/node_modules/npm/node_modules/npm-registry-client/lib/request.js:290:14)
40 verbose stack     at Request._callback (/Users/ian/.nvm/versions/node/v6.11.0/lib/node_modules/npm/node_modules/npm-registry-client/lib/request.js:210:14)
40 verbose stack     at Request.self.callback (/Users/ian/.nvm/versions/node/v6.11.0/lib/node_modules/npm/node_modules/request/request.js:187:22)
40 verbose stack     at emitTwo (events.js:106:13)
40 verbose stack     at Request.emit (events.js:191:7)
40 verbose stack     at Request.<anonymous> (/Users/ian/.nvm/versions/node/v6.11.0/lib/node_modules/npm/node_modules/request/request.js:1048:10)
40 verbose stack     at emitOne (events.js:96:13)
40 verbose stack     at Request.emit (events.js:188:7)
40 verbose stack     at IncomingMessage.<anonymous> (/Users/ian/.nvm/versions/node/v6.11.0/lib/node_modules/npm/node_modules/request/request.js:969:12)
41 verbose statusCode 403
42 verbose pkgid chat-engine-online-user-search
43 verbose cwd /Users/ian/Development/chat-engine-online-user-search
44 error Darwin 15.6.0
45 error argv "/Users/ian/.nvm/versions/node/v6.11.0/bin/node" "/Users/ian/.nvm/versions/node/v6.11.0/bin/npm" "publish"
46 error node v6.11.0
47 error npm  v3.10.10
48 error code E403
49 error You cannot publish over the previously published version 0.0.6. : chat-engine-online-user-search
50 error If you need help, you may report this error at:
50 error     <https://github.com/npm/npm/issues>
51 verbose exit [ 1, true ]
